<?xml version="1.0"?>
<!DOCTYPE coverage SYSTEM "http://cobertura.sourceforge.net/xml/coverage-04.dtd">

<coverage line-rate="1.0" branch-rate="1.0" lines-covered="4" lines-valid="4" branches-covered="2" branches-valid="2" complexity="2.0" version="2.0.3" timestamp="1439362561113">
	<sources>
		<source>--source</source>
		<source>/usr/src/maven-project/commons-text/src/main/java</source>
		<source>/usr/src/maven-project/commons-text/target/generated-sources/annotations</source>
	</sources>
	<packages>
		<package name="pl.chilldev.commons.text.html" line-rate="1.0" branch-rate="1.0" complexity="2.0">
			<classes>
				<class name="pl.chilldev.commons.text.html.Utils" filename="pl/chilldev/commons/text/html/Utils.java" line-rate="1.0" branch-rate="1.0" complexity="2.0">
					<methods>
						<method name="&lt;clinit&gt;" signature="()V" line-rate="1.0" branch-rate="1.0">
							<lines>
								<line number="21" hits="3" branch="false"/>
							</lines>
						</method>
						<method name="&lt;init&gt;" signature="()V" line-rate="1.0" branch-rate="1.0">
							<lines>
								<line number="16" hits="3" branch="false"/>
							</lines>
						</method>
						<method name="firstParagraph" signature="(Ljava/lang/String;)Ljava/lang/String;" line-rate="1.0" branch-rate="1.0">
							<lines>
								<line number="34" hits="6" branch="false"/>
								<line number="36" hits="6" branch="true" condition-coverage="100% (2/2)">
									<conditions>
										<condition number="0" type="jump" coverage="100%"/>
									</conditions>
								</line>
							</lines>
						</method>
					</methods>
					<lines>
						<line number="16" hits="3" branch="false"/>
						<line number="21" hits="3" branch="false"/>
						<line number="34" hits="6" branch="false"/>
						<line number="36" hits="6" branch="true" condition-coverage="100% (2/2)">
							<conditions>
								<condition number="0" type="jump" coverage="100%"/>
							</conditions>
						</line>
					</lines>
				</class>
			</classes>
		</package>
	</packages>
</coverage>
