<?xml version="1.0"?>
<!DOCTYPE coverage SYSTEM "http://cobertura.sourceforge.net/xml/coverage-04.dtd">

<coverage line-rate="1.0" branch-rate="1.0" lines-covered="16" lines-valid="16" branches-covered="2" branches-valid="2" complexity="1.25" version="2.0.3" timestamp="1446560123123">
	<sources>
		<source>--source</source>
		<source>/usr/src/maven-project/commons-text/src/main/java</source>
		<source>/usr/src/maven-project/commons-text/target/generated-sources/annotations</source>
	</sources>
	<packages>
		<package name="pl.chilldev.commons.text.html" line-rate="1.0" branch-rate="1.0" complexity="2.0">
			<classes>
				<class name="pl.chilldev.commons.text.html.Utils" filename="pl/chilldev/commons/text/html/Utils.java" line-rate="1.0" branch-rate="1.0" complexity="2.0">
					<methods>
						<method name="&lt;clinit&gt;" signature="()V" line-rate="1.0" branch-rate="1.0">
							<lines>
								<line number="21" hits="1" branch="false"/>
							</lines>
						</method>
						<method name="&lt;init&gt;" signature="()V" line-rate="1.0" branch-rate="1.0">
							<lines>
								<line number="16" hits="1" branch="false"/>
							</lines>
						</method>
						<method name="firstParagraph" signature="(Ljava/lang/String;)Ljava/lang/String;" line-rate="1.0" branch-rate="1.0">
							<lines>
								<line number="34" hits="2" branch="false"/>
								<line number="36" hits="2" branch="true" condition-coverage="100% (2/2)">
									<conditions>
										<condition number="0" type="jump" coverage="100%"/>
									</conditions>
								</line>
							</lines>
						</method>
					</methods>
					<lines>
						<line number="16" hits="1" branch="false"/>
						<line number="21" hits="1" branch="false"/>
						<line number="34" hits="2" branch="false"/>
						<line number="36" hits="2" branch="true" condition-coverage="100% (2/2)">
							<conditions>
								<condition number="0" type="jump" coverage="100%"/>
							</conditions>
						</line>
					</lines>
				</class>
			</classes>
		</package>
		<package name="pl.chilldev.commons.text.slugifier" line-rate="1.0" branch-rate="1.0" complexity="1.0">
			<classes>
				<class name="pl.chilldev.commons.text.slugifier.SimpleSlugifier" filename="pl/chilldev/commons/text/slugifier/SimpleSlugifier.java" line-rate="1.0" branch-rate="1.0" complexity="1.0">
					<methods>
						<method name="&lt;init&gt;" signature="()V" line-rate="1.0" branch-rate="1.0">
							<lines>
								<line number="17" hits="9" branch="false"/>
								<line number="27" hits="9" branch="false"/>
							</lines>
						</method>
						<method name="setDelimiter" signature="(Ljava/lang/String;)V" line-rate="1.0" branch-rate="1.0">
							<lines>
								<line number="36" hits="1" branch="false"/>
								<line number="37" hits="1" branch="false"/>
							</lines>
						</method>
						<method name="slugify" signature="(Ljava/lang/String;)Ljava/lang/String;" line-rate="1.0" branch-rate="1.0">
							<lines>
								<line number="45" hits="9" branch="false"/>
								<line number="46" hits="9" branch="false"/>
								<line number="47" hits="9" branch="false"/>
								<line number="48" hits="9" branch="false"/>
								<line number="49" hits="9" branch="false"/>
								<line number="50" hits="9" branch="false"/>
								<line number="51" hits="9" branch="false"/>
							</lines>
						</method>
						<method name="slugify" signature="([Ljava/lang/String;)Ljava/lang/String;" line-rate="1.0" branch-rate="1.0">
							<lines>
								<line number="60" hits="2" branch="false"/>
							</lines>
						</method>
					</methods>
					<lines>
						<line number="17" hits="9" branch="false"/>
						<line number="27" hits="9" branch="false"/>
						<line number="36" hits="1" branch="false"/>
						<line number="37" hits="1" branch="false"/>
						<line number="45" hits="9" branch="false"/>
						<line number="46" hits="9" branch="false"/>
						<line number="47" hits="9" branch="false"/>
						<line number="48" hits="9" branch="false"/>
						<line number="49" hits="9" branch="false"/>
						<line number="50" hits="9" branch="false"/>
						<line number="51" hits="9" branch="false"/>
						<line number="60" hits="2" branch="false"/>
					</lines>
				</class>
				<class name="pl.chilldev.commons.text.slugifier.Slugifier" filename="pl/chilldev/commons/text/slugifier/Slugifier.java" line-rate="1.0" branch-rate="1.0" complexity="0.0">
					<methods>
					</methods>
					<lines>
					</lines>
				</class>
			</classes>
		</package>
	</packages>
</coverage>
