<?xml version="1.0"?>
<!DOCTYPE coverage SYSTEM "http://cobertura.sourceforge.net/xml/coverage-04.dtd">

<coverage line-rate="1.0" branch-rate="0.875" lines-covered="41" lines-valid="41" branches-covered="7" branches-valid="8" complexity="1.8571428571428572" version="2.0.3" timestamp="1446560088310">
	<sources>
		<source>/usr/src/maven-project/commons-daemon/target/generated-sources/annotations</source>
		<source>/usr/src/maven-project/commons-daemon/src/main/java</source>
		<source>--source</source>
	</sources>
	<packages>
		<package name="pl.chilldev.commons.daemon" line-rate="1.0" branch-rate="0.875" complexity="1.75">
			<classes>
				<class name="pl.chilldev.commons.daemon.Package" filename="pl/chilldev/commons/daemon/Package.java" line-rate="1.0" branch-rate="0.875" complexity="1.75">
					<methods>
						<method name="&lt;clinit&gt;" signature="()V" line-rate="1.0" branch-rate="1.0">
							<lines>
								<line number="40" hits="1" branch="false"/>
							</lines>
						</method>
						<method name="&lt;init&gt;" signature="()V" line-rate="1.0" branch-rate="1.0">
							<lines>
								<line number="25" hits="7" branch="false"/>
							</lines>
						</method>
						<method name="getVersion" signature="()Ljava/lang/String;" line-rate="1.0" branch-rate="1.0">
							<lines>
								<line number="98" hits="6" branch="true" condition-coverage="100% (2/2)">
									<conditions>
										<condition number="0" type="jump" coverage="100%"/>
									</conditions>
								</line>
								<line number="99" hits="1" branch="false"/>
								<line number="102" hits="6" branch="false"/>
							</lines>
						</method>
						<method name="init" signature="()V" line-rate="1.0" branch-rate="1.0">
							<lines>
								<line number="52" hits="2" branch="false"/>
								<line number="53" hits="2" branch="false"/>
							</lines>
						</method>
						<method name="init" signature="(Ljava/io/InputStream;)V" line-rate="1.0" branch-rate="1.0">
							<lines>
								<line number="85" hits="3" branch="false"/>
								<line number="86" hits="3" branch="false"/>
								<line number="87" hits="3" branch="false"/>
								<line number="88" hits="3" branch="false"/>
							</lines>
						</method>
						<method name="init" signature="(Ljava/net/URL;)V" line-rate="1.0" branch-rate="0.8333333333333334">
							<lines>
								<line number="63" hits="6" branch="false"/>
								<line number="65" hits="6" branch="true" condition-coverage="100% (2/2)">
									<conditions>
										<condition number="0" type="jump" coverage="100%"/>
									</conditions>
								</line>
								<line number="66" hits="6" branch="false"/>
								<line number="67" hits="4" branch="false"/>
								<line number="68" hits="6" branch="true" condition-coverage="75% (3/4)">
									<conditions>
										<condition number="0" type="jump" coverage="50%"/>
										<condition number="1" type="jump" coverage="100%"/>
									</conditions>
								</line>
								<line number="70" hits="2" branch="false"/>
								<line number="71" hits="3" branch="false"/>
								<line number="73" hits="6" branch="false"/>
							</lines>
						</method>
					</methods>
					<lines>
						<line number="25" hits="7" branch="false"/>
						<line number="40" hits="1" branch="false"/>
						<line number="52" hits="2" branch="false"/>
						<line number="53" hits="2" branch="false"/>
						<line number="63" hits="6" branch="false"/>
						<line number="65" hits="6" branch="true" condition-coverage="100% (2/2)">
							<conditions>
								<condition number="0" type="jump" coverage="100%"/>
							</conditions>
						</line>
						<line number="66" hits="6" branch="false"/>
						<line number="67" hits="4" branch="false"/>
						<line number="68" hits="6" branch="true" condition-coverage="75% (3/4)">
							<conditions>
								<condition number="0" type="jump" coverage="50%"/>
								<condition number="1" type="jump" coverage="100%"/>
							</conditions>
						</line>
						<line number="70" hits="2" branch="false"/>
						<line number="71" hits="3" branch="false"/>
						<line number="73" hits="6" branch="false"/>
						<line number="85" hits="3" branch="false"/>
						<line number="86" hits="3" branch="false"/>
						<line number="87" hits="3" branch="false"/>
						<line number="88" hits="3" branch="false"/>
						<line number="98" hits="6" branch="true" condition-coverage="100% (2/2)">
							<conditions>
								<condition number="0" type="jump" coverage="100%"/>
							</conditions>
						</line>
						<line number="99" hits="1" branch="false"/>
						<line number="102" hits="6" branch="false"/>
					</lines>
				</class>
			</classes>
		</package>
		<package name="pl.chilldev.commons.daemon.lifecycle" line-rate="1.0" branch-rate="1.0" complexity="2.0">
			<classes>
				<class name="pl.chilldev.commons.daemon.lifecycle.Runner" filename="pl/chilldev/commons/daemon/lifecycle/Runner.java" line-rate="1.0" branch-rate="1.0" complexity="3.0">
					<methods>
						<method name="&lt;init&gt;" signature="()V" line-rate="1.0" branch-rate="1.0">
							<lines>
								<line number="19" hits="2" branch="false"/>
								<line number="24" hits="2" branch="false"/>
							</lines>
						</method>
						<method name="run" signature="(Lorg/apache/commons/daemon/Daemon;)V" line-rate="1.0" branch-rate="1.0">
							<lines>
								<line number="43" hits="2" branch="false"/>
								<line number="44" hits="1" branch="false"/>
								<line number="47" hits="1" branch="false"/>
								<line number="49" hits="1" branch="false"/>
								<line number="51" hits="1" branch="false"/>
								<line number="53" hits="1" branch="false"/>
								<line number="54" hits="1" branch="false"/>
								<line number="57" hits="1" branch="false"/>
								<line number="58" hits="1" branch="false"/>
							</lines>
						</method>
					</methods>
					<lines>
						<line number="19" hits="2" branch="false"/>
						<line number="24" hits="2" branch="false"/>
						<line number="43" hits="2" branch="false"/>
						<line number="44" hits="1" branch="false"/>
						<line number="47" hits="1" branch="false"/>
						<line number="49" hits="1" branch="false"/>
						<line number="51" hits="1" branch="false"/>
						<line number="53" hits="1" branch="false"/>
						<line number="54" hits="1" branch="false"/>
						<line number="57" hits="1" branch="false"/>
						<line number="58" hits="1" branch="false"/>
					</lines>
				</class>
				<class name="pl.chilldev.commons.daemon.lifecycle.Shutdown" filename="pl/chilldev/commons/daemon/lifecycle/Shutdown.java" line-rate="1.0" branch-rate="1.0" complexity="1.5">
					<methods>
						<method name="&lt;init&gt;" signature="(Lorg/apache/commons/daemon/Daemon;)V" line-rate="1.0" branch-rate="1.0">
							<lines>
								<line number="24" hits="3" branch="false"/>
								<line number="37" hits="3" branch="false"/>
								<line number="38" hits="3" branch="false"/>
								<line number="39" hits="3" branch="false"/>
							</lines>
						</method>
						<method name="run" signature="()V" line-rate="1.0" branch-rate="1.0">
							<lines>
								<line number="48" hits="3" branch="false"/>
								<line number="49" hits="2" branch="false"/>
								<line number="50" hits="2" branch="false"/>
								<line number="52" hits="1" branch="false"/>
								<line number="54" hits="1" branch="false"/>
								<line number="55" hits="2" branch="false"/>
								<line number="56" hits="3" branch="false"/>
							</lines>
						</method>
					</methods>
					<lines>
						<line number="24" hits="3" branch="false"/>
						<line number="37" hits="3" branch="false"/>
						<line number="38" hits="3" branch="false"/>
						<line number="39" hits="3" branch="false"/>
						<line number="48" hits="3" branch="false"/>
						<line number="49" hits="2" branch="false"/>
						<line number="50" hits="2" branch="false"/>
						<line number="52" hits="1" branch="false"/>
						<line number="54" hits="1" branch="false"/>
						<line number="55" hits="2" branch="false"/>
						<line number="56" hits="3" branch="false"/>
					</lines>
				</class>
			</classes>
		</package>
	</packages>
</coverage>
