<?xml version="1.0"?>
<!DOCTYPE coverage SYSTEM "http://cobertura.sourceforge.net/xml/coverage-04.dtd">

<coverage line-rate="1.0" branch-rate="1.0" lines-covered="36" lines-valid="36" branches-covered="10" branches-valid="10" complexity="1.3333333333333333" version="2.0.3" timestamp="1439362238645">
	<sources>
		<source>--source</source>
		<source>/usr/src/maven-project/commons-concurrent/src/main/java</source>
		<source>/usr/src/maven-project/commons-concurrent/target/generated-sources/annotations</source>
	</sources>
	<packages>
		<package name="pl.chilldev.commons.concurrent" line-rate="1.0" branch-rate="1.0" complexity="1.3333333333333333">
			<classes>
				<class name="pl.chilldev.commons.concurrent.FutureResponder" filename="pl/chilldev/commons/concurrent/FutureResponder.java" line-rate="1.0" branch-rate="1.0" complexity="1.3333333333333333">
					<methods>
						<method name="&lt;init&gt;" signature="()V" line-rate="1.0" branch-rate="1.0">
							<lines>
								<line number="18" hits="9" branch="false"/>
							</lines>
						</method>
						<method name="call" signature="()Ljava/lang/Object;" line-rate="1.0" branch-rate="1.0">
							<lines>
								<line number="67" hits="6" branch="false"/>
							</lines>
						</method>
						<method name="setFuture" signature="(Ljava/util/concurrent/FutureTask;)Lpl/chilldev/commons/concurrent/FutureResponder;" line-rate="1.0" branch-rate="1.0">
							<lines>
								<line number="38" hits="9" branch="false"/>
								<line number="40" hits="9" branch="false"/>
							</lines>
						</method>
						<method name="setResponse" signature="(Ljava/lang/Object;)Lpl/chilldev/commons/concurrent/FutureResponder;" line-rate="1.0" branch-rate="1.0">
							<lines>
								<line number="51" hits="6" branch="false"/>
								<line number="53" hits="6" branch="true" condition-coverage="100% (2/2)">
									<conditions>
										<condition number="0" type="jump" coverage="100%"/>
									</conditions>
								</line>
								<line number="54" hits="3" branch="false"/>
								<line number="57" hits="6" branch="false"/>
							</lines>
						</method>
					</methods>
					<lines>
						<line number="18" hits="9" branch="false"/>
						<line number="38" hits="9" branch="false"/>
						<line number="40" hits="9" branch="false"/>
						<line number="51" hits="6" branch="false"/>
						<line number="53" hits="6" branch="true" condition-coverage="100% (2/2)">
							<conditions>
								<condition number="0" type="jump" coverage="100%"/>
							</conditions>
						</line>
						<line number="54" hits="3" branch="false"/>
						<line number="57" hits="6" branch="false"/>
						<line number="67" hits="6" branch="false"/>
					</lines>
				</class>
			</classes>
		</package>
		<package name="pl.chilldev.commons.concurrent.collections" line-rate="1.0" branch-rate="1.0" complexity="0.0">
			<classes>
				<class name="pl.chilldev.commons.concurrent.collections.MessageBag" filename="pl/chilldev/commons/concurrent/collections/MessageBag.java" line-rate="1.0" branch-rate="1.0" complexity="0.0">
					<methods>
						<method name="&lt;init&gt;" signature="()V" line-rate="1.0" branch-rate="1.0">
							<lines>
								<line number="29" hits="21" branch="false"/>
								<line number="98" hits="21" branch="false"/>
							</lines>
						</method>
						<method name="addMessage" signature="(Ljava/lang/String;Ljava/lang/String;)V" line-rate="1.0" branch-rate="1.0">
							<lines>
								<line number="108" hits="15" branch="false"/>
								<line number="109" hits="15" branch="false"/>
							</lines>
						</method>
						<method name="ensureExists" signature="(Ljava/lang/String;)Ljava/util/List;" line-rate="1.0" branch-rate="1.0">
							<lines>
							</lines>
						</method>
						<method name="getAllMessages" signature="()Ljava/util/Map;" line-rate="1.0" branch-rate="1.0">
							<lines>
								<line number="162" hits="6" branch="false"/>
								<line number="164" hits="6" branch="true" condition-coverage="100% (2/2)">
									<conditions>
										<condition number="0" type="jump" coverage="100%"/>
									</conditions>
								</line>
								<line number="166" hits="3" branch="false"/>
								<line number="167" hits="3" branch="false"/>
								<line number="170" hits="3" branch="false"/>
								<line number="171" hits="3" branch="false"/>
								<line number="173" hits="6" branch="false"/>
							</lines>
						</method>
						<method name="getMessages" signature="(Ljava/lang/String;)Ljava/util/List;" line-rate="1.0" branch-rate="1.0">
							<lines>
								<line number="146" hits="12" branch="false"/>
								<line number="149" hits="12" branch="false"/>
								<line number="150" hits="12" branch="false"/>
								<line number="152" hits="12" branch="false"/>
							</lines>
						</method>
						<method name="hasMessages" signature="()Z" line-rate="1.0" branch-rate="1.0">
							<lines>
								<line number="118" hits="9" branch="true" condition-coverage="100% (2/2)">
									<conditions>
										<condition number="0" type="jump" coverage="100%"/>
									</conditions>
								</line>
								<line number="119" hits="6" branch="true" condition-coverage="100% (2/2)">
									<conditions>
										<condition number="0" type="jump" coverage="100%"/>
									</conditions>
								</line>
								<line number="120" hits="3" branch="false"/>
								<line number="122" hits="3" branch="false"/>
								<line number="124" hits="6" branch="false"/>
							</lines>
						</method>
						<method name="hasMessages" signature="(Ljava/lang/String;)Z" line-rate="1.0" branch-rate="1.0">
							<lines>
								<line number="135" hits="12" branch="true" condition-coverage="100% (2/2)">
									<conditions>
										<condition number="0" type="jump" coverage="100%"/>
									</conditions>
								</line>
							</lines>
						</method>
						<method name="lambda$ensureExists$0" signature="(Ljava/lang/String;)Ljava/util/List;" line-rate="1.0" branch-rate="1.0">
							<lines>
								<line number="184" hits="60" branch="false"/>
							</lines>
						</method>
					</methods>
					<lines>
						<line number="29" hits="21" branch="false"/>
						<line number="98" hits="21" branch="false"/>
						<line number="108" hits="15" branch="false"/>
						<line number="109" hits="15" branch="false"/>
						<line number="118" hits="9" branch="true" condition-coverage="100% (2/2)">
							<conditions>
								<condition number="0" type="jump" coverage="100%"/>
							</conditions>
						</line>
						<line number="119" hits="6" branch="true" condition-coverage="100% (2/2)">
							<conditions>
								<condition number="0" type="jump" coverage="100%"/>
							</conditions>
						</line>
						<line number="120" hits="3" branch="false"/>
						<line number="122" hits="3" branch="false"/>
						<line number="124" hits="6" branch="false"/>
						<line number="135" hits="12" branch="true" condition-coverage="100% (2/2)">
							<conditions>
								<condition number="0" type="jump" coverage="100%"/>
							</conditions>
						</line>
						<line number="146" hits="12" branch="false"/>
						<line number="149" hits="12" branch="false"/>
						<line number="150" hits="12" branch="false"/>
						<line number="152" hits="12" branch="false"/>
						<line number="162" hits="6" branch="false"/>
						<line number="164" hits="6" branch="true" condition-coverage="100% (2/2)">
							<conditions>
								<condition number="0" type="jump" coverage="100%"/>
							</conditions>
						</line>
						<line number="166" hits="3" branch="false"/>
						<line number="167" hits="3" branch="false"/>
						<line number="170" hits="3" branch="false"/>
						<line number="171" hits="3" branch="false"/>
						<line number="173" hits="6" branch="false"/>
						<line number="184" hits="60" branch="false"/>
					</lines>
				</class>
				<class name="pl.chilldev.commons.concurrent.collections.MessageBag$Message" filename="pl/chilldev/commons/concurrent/collections/MessageBag.java" line-rate="1.0" branch-rate="1.0" complexity="0.0">
					<methods>
						<method name="&lt;init&gt;" signature="(Ljava/lang/String;)V" line-rate="1.0" branch-rate="1.0">
							<lines>
								<line number="58" hits="15" branch="false"/>
								<line number="66" hits="15" branch="false"/>
								<line number="67" hits="15" branch="false"/>
								<line number="68" hits="15" branch="false"/>
							</lines>
						</method>
						<method name="getContent" signature="()Ljava/lang/String;" line-rate="1.0" branch-rate="1.0">
							<lines>
								<line number="77" hits="9" branch="false"/>
							</lines>
						</method>
						<method name="getCreatedAt" signature="()Ljava/util/Date;" line-rate="1.0" branch-rate="1.0">
							<lines>
								<line number="87" hits="3" branch="false"/>
							</lines>
						</method>
					</methods>
					<lines>
						<line number="58" hits="15" branch="false"/>
						<line number="66" hits="15" branch="false"/>
						<line number="67" hits="15" branch="false"/>
						<line number="68" hits="15" branch="false"/>
						<line number="77" hits="9" branch="false"/>
						<line number="87" hits="3" branch="false"/>
					</lines>
				</class>
			</classes>
		</package>
	</packages>
</coverage>
