<?xml version="1.0"?>
<!DOCTYPE coverage SYSTEM "http://cobertura.sourceforge.net/xml/coverage-04.dtd">

<coverage line-rate="1.0" branch-rate="1.0" lines-covered="3" lines-valid="3" branches-covered="0" branches-valid="0" complexity="1.0" version="2.0.3" timestamp="1431718591291">
	<sources>
		<source>--source</source>
		<source>/home/rafal.wrzeszcz/workspaces/chillout-development/pl.chilldev.commons/commons-exception/src/main/java</source>
	</sources>
	<packages>
		<package name="pl.chilldev.commons.exception" line-rate="1.0" branch-rate="1.0" complexity="1.0">
			<classes>
				<class name="pl.chilldev.commons.exception.ExceptionFormatter" filename="pl/chilldev/commons/exception/ExceptionFormatter.java" line-rate="1.0" branch-rate="1.0" complexity="1.0">
					<methods>
					</methods>
					<lines>
					</lines>
				</class>
				<class name="pl.chilldev.commons.exception.ExceptionFormatter$1" filename="pl/chilldev/commons/exception/ExceptionFormatter.java" line-rate="1.0" branch-rate="1.0" complexity="1.0">
					<methods>
						<method name="&lt;init&gt;" signature="()V" line-rate="1.0" branch-rate="1.0">
							<lines>
								<line number="20" hits="1" branch="false"/>
								<line number="24" hits="1" branch="false"/>
							</lines>
						</method>
						<method name="format" signature="(Ljava/lang/Throwable;)Ljava/lang/String;" line-rate="1.0" branch-rate="1.0">
							<lines>
								<line number="32" hits="1" branch="false"/>
							</lines>
						</method>
					</methods>
					<lines>
						<line number="20" hits="1" branch="false"/>
						<line number="24" hits="1" branch="false"/>
						<line number="32" hits="1" branch="false"/>
					</lines>
				</class>
			</classes>
		</package>
	</packages>
</coverage>
