<?xml version="1.0"?>
<!DOCTYPE coverage SYSTEM "http://cobertura.sourceforge.net/xml/coverage-04.dtd">

<coverage line-rate="1.0" branch-rate="1.0" lines-covered="7" lines-valid="7" branches-covered="0" branches-valid="0" complexity="1.0" version="2.0.3" timestamp="1395766975115">
	<sources>
		<source>--source</source>
		<source>/var/www/private/pl.chilldev.commons/commons-concurrent/src/main/java</source>
	</sources>
	<packages>
		<package name="pl.chilldev.commons.concurrent" line-rate="1.0" branch-rate="1.0" complexity="1.0">
			<classes>
				<class name="pl.chilldev.commons.concurrent.FutureResponder" filename="pl/chilldev/commons/concurrent/FutureResponder.java" line-rate="1.0" branch-rate="1.0" complexity="1.0">
					<methods>
						<method name="&lt;init&gt;" signature="()V" line-rate="1.0" branch-rate="1.0">
							<lines>
								<line number="25" hits="3" branch="false"/>
							</lines>
						</method>
						<method name="call" signature="()Ljava/lang/Object;" line-rate="1.0" branch-rate="1.0">
							<lines>
								<line number="74" hits="3" branch="false"/>
							</lines>
						</method>
						<method name="setFuture" signature="(Ljava/util/concurrent/FutureTask;)Lpl/chilldev/commons/concurrent/FutureResponder;" line-rate="1.0" branch-rate="1.0">
							<lines>
								<line number="46" hits="3" branch="false"/>
								<line number="48" hits="3" branch="false"/>
							</lines>
						</method>
						<method name="setResponse" signature="(Ljava/lang/Object;)Lpl/chilldev/commons/concurrent/FutureResponder;" line-rate="1.0" branch-rate="1.0">
							<lines>
								<line number="60" hits="2" branch="false"/>
								<line number="61" hits="2" branch="false"/>
								<line number="63" hits="2" branch="false"/>
							</lines>
						</method>
					</methods>
					<lines>
						<line number="25" hits="3" branch="false"/>
						<line number="46" hits="3" branch="false"/>
						<line number="48" hits="3" branch="false"/>
						<line number="60" hits="2" branch="false"/>
						<line number="61" hits="2" branch="false"/>
						<line number="63" hits="2" branch="false"/>
						<line number="74" hits="3" branch="false"/>
					</lines>
				</class>
			</classes>
		</package>
	</packages>
</coverage>
